<?xml version="1.0" encoding="UTF-8"?>
<testsuite xmlns:xsi="http://www.w3.org/2001/XMLSchema-instance" xsi:noNamespaceSchemaLocation="https://maven.apache.org/surefire/maven-surefire-plugin/xsd/surefire-test-report-3.0.xsd" version="3.0" name="com.sample.junitsample.greeting.PersonTest" time="0.374" tests="16" errors="0" skipped="2" failures="0">
  <properties>
    <property name="sun.desktop" value="windows"/>
    <property name="awt.toolkit" value="sun.awt.windows.WToolkit"/>
    <property name="java.specification.version" value="11"/>
    <property name="sun.cpu.isalist" value="amd64"/>
    <property name="sun.jnu.encoding" value="Cp1252"/>
    <property name="java.class.path" value="C:\Development\junitproject\target\test-classes;C:\Development\junitproject\target\classes;C:\Users\schakr00c\.m2\repository\org\junit\jupiter\junit-jupiter-api\5.6.2\junit-jupiter-api-5.6.2.jar;C:\Users\schakr00c\.m2\repository\org\apiguardian\apiguardian-api\1.1.0\apiguardian-api-1.1.0.jar;C:\Users\schakr00c\.m2\repository\org\opentest4j\opentest4j\1.2.0\opentest4j-1.2.0.jar;C:\Users\schakr00c\.m2\repository\org\junit\platform\junit-platform-commons\1.6.2\junit-platform-commons-1.6.2.jar;C:\Users\schakr00c\.m2\repository\org\junit\jupiter\junit-jupiter-engine\5.6.2\junit-jupiter-engine-5.6.2.jar;C:\Users\schakr00c\.m2\repository\org\junit\platform\junit-platform-engine\1.6.2\junit-platform-engine-1.6.2.jar;C:\Users\schakr00c\.m2\repository\org\junit\jupiter\junit-jupiter-params\5.6.2\junit-jupiter-params-5.6.2.jar;"/>
    <property name="java.vm.vendor" value="Oracle Corporation"/>
    <property name="sun.arch.data.model" value="64"/>
    <property name="user.variant" value=""/>
    <property name="java.vendor.url" value="https://openjdk.java.net/"/>
    <property name="user.timezone" value="America/Denver"/>
    <property name="java.vm.specification.version" value="11"/>
    <property name="os.name" value="Windows 10"/>
    <property name="sun.java.launcher" value="SUN_STANDARD"/>
    <property name="user.country" value="US"/>
    <property name="sun.boot.library.path" value="C:\Program Files\Java11\jdk-11.0.7\bin"/>
    <property name="sun.java.command" value="C:\Users\schakr00c\AppData\Local\Temp\surefire1756716009134501141\surefirebooter8280313088560889829.jar C:\Users\schakr00c\AppData\Local\Temp\surefire1756716009134501141 2020-12-08T13-54-19_171-jvmRun1 surefire16917893473286148109tmp surefire_012959688986329978433tmp"/>
    <property name="jdk.debug" value="release"/>
    <property name="surefire.test.class.path" value="C:\Development\junitproject\target\test-classes;C:\Development\junitproject\target\classes;C:\Users\schakr00c\.m2\repository\org\junit\jupiter\junit-jupiter-api\5.6.2\junit-jupiter-api-5.6.2.jar;C:\Users\schakr00c\.m2\repository\org\apiguardian\apiguardian-api\1.1.0\apiguardian-api-1.1.0.jar;C:\Users\schakr00c\.m2\repository\org\opentest4j\opentest4j\1.2.0\opentest4j-1.2.0.jar;C:\Users\schakr00c\.m2\repository\org\junit\platform\junit-platform-commons\1.6.2\junit-platform-commons-1.6.2.jar;C:\Users\schakr00c\.m2\repository\org\junit\jupiter\junit-jupiter-engine\5.6.2\junit-jupiter-engine-5.6.2.jar;C:\Users\schakr00c\.m2\repository\org\junit\platform\junit-platform-engine\1.6.2\junit-platform-engine-1.6.2.jar;C:\Users\schakr00c\.m2\repository\org\junit\jupiter\junit-jupiter-params\5.6.2\junit-jupiter-params-5.6.2.jar;"/>
    <property name="sun.cpu.endian" value="little"/>
    <property name="user.home" value="C:\Users\schakr00c"/>
    <property name="user.language" value="en"/>
    <property name="java.specification.vendor" value="Oracle Corporation"/>
    <property name="java.version.date" value="2020-04-14"/>
    <property name="java.home" value="C:\Program Files\Java11\jdk-11.0.7"/>
    <property name="file.separator" value="\"/>
    <property name="style.color" value="always"/>
    <property name="basedir" value="C:\Development\junitproject"/>
    <property name="java.vm.compressedOopsMode" value="Zero based"/>
    <property name="line.separator" value="&#10;"/>
    <property name="java.specification.name" value="Java Platform API Specification"/>
    <property name="java.vm.specification.vendor" value="Oracle Corporation"/>
    <property name="java.awt.graphicsenv" value="sun.awt.Win32GraphicsEnvironment"/>
    <property name="surefire.real.class.path" value="C:\Users\schakr00c\AppData\Local\Temp\surefire1756716009134501141\surefirebooter8280313088560889829.jar"/>
    <property name="user.script" value=""/>
    <property name="sun.management.compiler" value="HotSpot 64-Bit Tiered Compilers"/>
    <property name="java.runtime.version" value="11.0.7+8-LTS"/>
    <property name="user.name" value="schakr00c"/>
    <property name="path.separator" value=";"/>
    <property name="os.version" value="10.0"/>
    <property name="java.runtime.name" value="Java(TM) SE Runtime Environment"/>
    <property name="file.encoding" value="Cp1252"/>
    <property name="java.vm.name" value="Java HotSpot(TM) 64-Bit Server VM"/>
    <property name="java.vendor.version" value="18.9"/>
    <property name="localRepository" value="C:\Users\schakr00c\.m2\repository"/>
    <property name="java.vendor.url.bug" value="https://bugreport.java.com/bugreport/"/>
    <property name="java.io.tmpdir" value="C:\Users\SCHAKR~1\AppData\Local\Temp\"/>
    <property name="java.version" value="11.0.7"/>
    <property name="user.dir" value="C:\Development\junitproject"/>
    <property name="os.arch" value="amd64"/>
    <property name="java.vm.specification.name" value="Java Virtual Machine Specification"/>
    <property name="java.awt.printerjob" value="sun.awt.windows.WPrinterJob"/>
    <property name="sun.os.patch.level" value=""/>
    <property name="java.library.path" value="C:\Program Files\Java11\jdk-11.0.7\bin;C:\WINDOWS\Sun\Java\bin;C:\WINDOWS\system32;C:\WINDOWS;C:/Program Files/Java/jdk1.8.0_221/bin/../jre/bin/server;C:/Program Files/Java/jdk1.8.0_221/bin/../jre/bin;C:/Program Files/Java/jdk1.8.0_221/bin/../jre/lib/amd64;C:\App\Oracle\product\11.2.0\client_1\bin;C:\WINDOWS\system32;C:\WINDOWS;C:\WINDOWS\System32\Wbem;C:\WINDOWS\System32\WindowsPowerShell\v1.0\;C:\Program Files\Intel\WiFi\bin\;C:\Program Files\Common Files\Intel\WirelessCommon\;C:\Program Files (x86)\Intel\Intel(R) Management Engine Components\DAL;C:\Program Files\Intel\Intel(R) Management Engine Components\DAL;C:\Program Files (x86)\PuTTY\;C:\InstalledSoftwares\apache-maven-3.6.2\bin;C:\InstalledSoftwares\gradle-5.6.2\bin;C:\InstalledSoftwares\curl-7.66.0_2-win64-mingw\curl-7.66.0-win64-mingw\bin;C:\Program Files (x86)\QuickTime\QTSystem\;C:\Program Files\Amazon\AWSCLIV2\;C:\Program Files\Java\jdk1.8.0_221\bin;C:\Program Files\Docker\Docker\resources\bin;C:\ProgramData\DockerDesktop\version-bin;C:\Program Files (x86)\Sennheiser\SoftphoneSDK\;C:\Program Files\dotnet\;C:\Program Files\Microsoft SQL Server\130\Tools\Binn\;C:\Program Files\Microsoft SQL Server\Client SDK\ODBC\170\Tools\Binn\;C:\Program Files\Git\cmd;C:\Program Files\nodejs\;C:\InstalledSoftwares\apache-zookeeper-3.6.2-bin\bin;C:\Program Files\PowerShell\7\;C:\Users\schakr00c\AppData\Local\Programs\Python\Python38\Scripts\;C:\Users\schakr00c\AppData\Local\Programs\Python\Python38\;C:\Users\schakr00c\AppData\Local\Microsoft\WindowsApps;C:\Program Files\JetBrains\PyCharm Community Edition 2019.3\bin;;C:\Users\schakr00c\AppData\Local\Programs\Microsoft VS Code\bin;C:\Users\schakr00c\AppData\Roaming\npm;C:\InstalledSoftwares\kafka_2.13-2.5.0\bin\windows;;C:\InstalledSoftwares\sts-4.4.0.RELEASE;;."/>
    <property name="java.vendor" value="Oracle Corporation"/>
    <property name="java.vm.info" value="mixed mode"/>
    <property name="java.vm.version" value="11.0.7+8-LTS"/>
    <property name="sun.io.unicode.encoding" value="UnicodeLittle"/>
    <property name="java.class.version" value="55.0"/>
  </properties>
  <testcase name="groupedAssertions" classname="com.sample.junitsample.greeting.PersonTest" time="0">
    <skipped message="void com.sample.junitsample.greeting.PersonTest.groupedAssertions() is @Disabled"/>
  </testcase>
  <testcase name="parameterCsvTest(String, int, float)[1]" classname="com.sample.junitsample.greeting.PersonTest" time="0.098">
    <system-out><![CDATA[Ram = 31 : 90000.0
]]></system-out>
  </testcase>
  <testcase name="parameterCsvTest(String, int, float)[2]" classname="com.sample.junitsample.greeting.PersonTest" time="0.003">
    <system-out><![CDATA[Shyam = 34 : 125000.0
]]></system-out>
  </testcase>
  <testcase name="parameterTest(String)[1]" classname="com.sample.junitsample.greeting.PersonTest" time="0.002">
    <system-out><![CDATA[Ram
]]></system-out>
  </testcase>
  <testcase name="parameterTest(String)[2]" classname="com.sample.junitsample.greeting.PersonTest" time="0.004">
    <system-out><![CDATA[Rama
]]></system-out>
  </testcase>
  <testcase name="parameterTest(String)[3]" classname="com.sample.junitsample.greeting.PersonTest" time="0.001">
    <system-out><![CDATA[Shyam
]]></system-out>
  </testcase>
  <testcase name="nestedAssertions" classname="com.sample.junitsample.greeting.PersonTest" time="0">
    <skipped message="void com.sample.junitsample.greeting.PersonTest.nestedAssertions() is @Disabled"/>
  </testcase>
  <testcase name="repeatTest" classname="com.sample.junitsample.greeting.PersonTest" time="0.001"/>
  <testcase name="repeatTest" classname="com.sample.junitsample.greeting.PersonTest" time="0.003"/>
  <testcase name="repeatTest" classname="com.sample.junitsample.greeting.PersonTest" time="0.001"/>
  <testcase name="repeatTest" classname="com.sample.junitsample.greeting.PersonTest" time="0.004"/>
  <testcase name="repeatTest" classname="com.sample.junitsample.greeting.PersonTest" time="0.001"/>
  <testcase name="parameterEnumTest(PersonEnum)[1]" classname="com.sample.junitsample.greeting.PersonTest" time="0.002">
    <system-out><![CDATA[RURAL
]]></system-out>
  </testcase>
  <testcase name="parameterEnumTest(PersonEnum)[2]" classname="com.sample.junitsample.greeting.PersonTest" time="0.001">
    <system-out><![CDATA[URBAN
]]></system-out>
  </testcase>
  <testcase name="parameterCsvFromFileTest(String, int, int)[1]" classname="com.sample.junitsample.greeting.PersonTest" time="0.014">
    <system-out><![CDATA[Rama = 31 : 100000
]]></system-out>
  </testcase>
  <testcase name="parameterCsvFromFileTest(String, int, int)[2]" classname="com.sample.junitsample.greeting.PersonTest" time="0.002">
    <system-out><![CDATA[Shyama = 34 : 125000
]]></system-out>
  </testcase>
</testsuite>